

 >> R  2    R e s i s t i v i t y   I n v e r s i o n   v2.7a <<

 >> D a t e : 30 - 10 - 2015
 >> Inverse                                                                         
 >> I n v e r s e   S o l u t i o n   S e l e c t e d <<
 >> R e g u l a r i s e d   T y p e <<
 >>   L i n e a r    F i l t e r    <<
 >> L o g - D a t a   I n v e r s i o n <<
 >> N o r m a l   R e g u l a r i s a t i o n <<
 >> D a t a   w e i g h t s   w i l l   b e  m o d i f i e d <<


 Processing dataset   1


 Measurements read:  4525     Measurements rejected:     0
   Geometric mean of apparent resistivities:  0.17005E+03

   Iteration   1
     Initial RMS Misfit:         8.27     Number of data ignored:     0
     Alpha:    260.055   RMS Misfit:        0.61
     Step length set to   1.00000
     Final RMS Misfit:        0.61
     Step length set to   0.91158
     Final RMS Misfit:        1.06

 Solution converged - Outputing results to file

 Calculating sensitivity map


 Processing dataset   2


 End of data:  Terminating


                     Timing Summary
                     ==============
     Total time taken:                               251. s
     Percent time taken forming element equations:    0.4 %
     Percent time taken solving forward  equations:  12.6 %
     Percent time taken forming Jacobian:             1.8 %
     Percent time taken solving inverse equations:   60.3 %
     Percent time taken calculating res. matrix:      0.1 %

                     Timing Details
                     ==============
     Number of calls to form element equations:        60
     Average time taken in call:                      0.0 s
     Number of calls to solve forward equations:     9060
     Average time taken in call:                      0.0 s
     Number of calls to form Jacobian:                  1
     Average time taken in call:                      4.6 s
     Number of calls to solve inverse equations:        1
     Average time taken in call:                    151.1 s
     Number of calls to calculate res. matrix:          0
     Average time taken in call:                      0.0 s
